info t=2018-01-16T16:55:44.730Z Cinnamon.AppSystem.get_default() started in 1568 ms
info t=2018-01-16T16:55:44.759Z loading user theme: /usr/share/themes/Linux Mint/cinnamon/cinnamon.css
info t=2018-01-16T16:55:44.837Z added icon directory: /usr/share/themes/Linux Mint/cinnamon
info t=2018-01-16T16:55:45.062Z PlacesManager: Updating devices
info t=2018-01-16T16:55:45.097Z loaded at Tue Jan 16 2018 11:55:45 GMT-0500 (EST)
info t=2018-01-16T16:55:45.738Z Loaded applet menu@cinnamon.org in 598 ms
info t=2018-01-16T16:55:45.959Z Loaded applet show-desktop@cinnamon.org in 219 ms
info t=2018-01-16T16:55:46.055Z Role locked: panellauncher
info t=2018-01-16T16:55:46.055Z Loaded applet panel-launchers@cinnamon.org in 93 ms
info t=2018-01-16T16:55:46.077Z Loaded applet window-list@cinnamon.org in 20 ms
info t=2018-01-16T16:55:46.120Z Role locked: notifications
info t=2018-01-16T16:55:46.125Z Loaded applet notifications@cinnamon.org in 46 ms
info t=2018-01-16T16:55:46.188Z Loaded applet user@cinnamon.org in 61 ms
info t=2018-01-16T16:55:46.206Z Loaded applet removable-drives@cinnamon.org in 15 ms
info t=2018-01-16T16:55:46.427Z Loaded applet keyboard@cinnamon.org in 219 ms
info t=2018-01-16T16:55:46.670Z Loaded applet network@cinnamon.org in 239 ms
info t=2018-01-16T16:55:46.814Z Loaded applet sound@cinnamon.org in 141 ms
info t=2018-01-16T16:55:46.896Z Loaded applet power@cinnamon.org in 80 ms
info t=2018-01-16T16:55:46.913Z Loaded applet systray@cinnamon.org in 14 ms
info t=2018-01-16T16:55:46.991Z Loaded applet calendar@cinnamon.org in 75 ms
info t=2018-01-16T16:55:47.007Z Loaded applet windows-quick-list@cinnamon.org in 13 ms
info t=2018-01-16T16:55:47.007Z AppletManager.init() started in 1910 ms
info t=2018-01-16T16:55:47.011Z Cinnamon took 4267 ms to start
info t=2018-01-16T16:55:47.816Z Hiding systray: network
info t=2018-01-16T16:56:01.542Z Adding systray: mintupdate.py (24x24px)
info t=2018-01-16T16:56:10.411Z PlacesManager: Updating devices
info t=2018-01-16T17:03:17.919Z PlacesManager: Updating devices
info t=2018-01-16T17:04:18.693Z PlacesManager: Updating devices
info t=2018-01-16T23:44:59.900Z PlacesManager: Updating devices
info t=2018-01-16T23:45:16.634Z PlacesManager: Updating devices
info t=2018-01-16T23:46:22.485Z PlacesManager: Updating devices
info t=2018-01-16T23:49:57.522Z PlacesManager: Updating devices
info t=2018-01-16T23:50:09.867Z PlacesManager: Updating devices
info t=2018-01-16T23:51:27.219Z PlacesManager: Updating devices
info t=2018-01-16T23:51:35.483Z PlacesManager: Updating devices
info t=2018-01-16T23:56:26.767Z PlacesManager: Updating devices
info t=2018-01-16T23:56:48.917Z PlacesManager: Updating devices
info t=2018-01-16T23:58:46.189Z PlacesManager: Updating devices
info t=2018-01-17T00:01:06.751Z PlacesManager: Updating devices
info t=2018-01-17T00:02:22.215Z Loaded desklet photoframe@cinnamon.org in 26 ms
info t=2018-01-17T00:02:27.024Z 0 desklet already loaded
info t=2018-01-17T00:04:49.446Z Loaded desklet battery@schorschii in 117 ms
info t=2018-01-17T00:04:55.265Z Config file /home/joelnico24/.local/share/cinnamon/desklets/TimeAndDate@nightflame/metadata.json
info t=2018-01-17T00:04:55.273Z Loaded desklet TimeAndDate@nightflame in 20 ms
info t=2018-01-17T00:05:08.398Z 2 desklet already loaded
info t=2018-01-17T00:05:13.280Z 2 desklet already loaded
info t=2018-01-17T00:05:14.339Z 2 desklet already loaded
info t=2018-01-17T00:05:22.010Z 2 desklet already loaded
info t=2018-01-17T00:05:25.266Z 2 desklet already loaded
info t=2018-01-17T00:05:29.447Z 2 desklet already loaded
info t=2018-01-17T00:05:38.850Z 1 desklet already loaded
info t=2018-01-17T00:05:42.239Z 1 desklet already loaded
info t=2018-01-17T00:05:47.128Z 1 desklet already loaded
info t=2018-01-17T00:28:57.140Z PlacesManager: Updating devices
info t=2018-01-17T00:31:00.475Z PlacesManager: Updating devices
